<?xml version="1.0" encoding="UTF-8"?>
<!-- Generated by org.testng.reporters.JUnitReportReporter -->
<testsuite hostname="DEV008" name="com.vogella.maven1.Add.AddMethodTest" tests="1" failures="0" timestamp="19 Nov 2019 10:55:57 GMT" time="0.018" errors="0">
  <testcase name="TestCase1" time="0.018" classname="com.vogella.maven1.Add.AddMethodTest"/>
</testsuite> <!-- com.vogella.maven1.Add.AddMethodTest -->
